<?xml version="1.0" encoding="UTF-8"?>
<testng-results skipped="0" failed="0" ignored="0" total="2" passed="2">
  <reporter-output>
  </reporter-output>
  <suite name="Default suite" duration-ms="25788" started-at="2021-09-26T20:29:15 IST" finished-at="2021-09-26T20:29:41 IST">
    <groups>
    </groups>
    <test name="Default test" duration-ms="25788" started-at="2021-09-26T20:29:15 IST" finished-at="2021-09-26T20:29:41 IST">
      <class name="com.automationLearn.testcases.LoginTest">
        <test-method status="PASS" signature="setup()[pri:0, instance:com.automationLearn.testcases.LoginTest@5bfbf16f]" name="setup" is-config="true" duration-ms="1265" started-at="2021-09-26T20:29:13 IST" finished-at="2021-09-26T20:29:15 IST">
          <reporter-output>
          </reporter-output>
        </test-method> <!-- setup -->
        <test-method status="PASS" signature="launchApp()[pri:0, instance:com.automationLearn.testcases.LoginTest@5bfbf16f]" name="launchApp" is-config="true" duration-ms="17725" started-at="2021-09-26T20:29:15 IST" finished-at="2021-09-26T20:29:32 IST">
          <reporter-output>
          </reporter-output>
        </test-method> <!-- launchApp -->
        <test-method status="PASS" signature="login()[pri:1, instance:com.automationLearn.testcases.LoginTest@5bfbf16f]" name="login" duration-ms="4340" started-at="2021-09-26T20:29:33 IST" finished-at="2021-09-26T20:29:37 IST">
          <reporter-output>
          </reporter-output>
        </test-method> <!-- login -->
        <test-method status="PASS" signature="tearDownMethod(org.testng.ITestResult)[pri:0, instance:com.automationLearn.testcases.LoginTest@5bfbf16f]" name="tearDownMethod" is-config="true" duration-ms="1294" started-at="2021-09-26T20:29:37 IST" finished-at="2021-09-26T20:29:38 IST">
          <params>
            <param index="0">
              <value>
                <![CDATA[[TestResult name=login status=SUCCESS method=LoginTest.login()[pri:1, instance:com.automationLearn.testcases.LoginTest@5bfbf16f] output={null}]]]>
              </value>
            </param>
          </params>
          <reporter-output>
          </reporter-output>
        </test-method> <!-- tearDownMethod -->
        <test-method status="PASS" signature="login2()[pri:2, instance:com.automationLearn.testcases.LoginTest@5bfbf16f]" name="login2" duration-ms="14" started-at="2021-09-26T20:29:38 IST" finished-at="2021-09-26T20:29:38 IST">
          <reporter-output>
          </reporter-output>
        </test-method> <!-- login2 -->
        <test-method status="PASS" signature="tearDownMethod(org.testng.ITestResult)[pri:0, instance:com.automationLearn.testcases.LoginTest@5bfbf16f]" name="tearDownMethod" is-config="true" duration-ms="289" started-at="2021-09-26T20:29:38 IST" finished-at="2021-09-26T20:29:38 IST">
          <params>
            <param index="0">
              <value>
                <![CDATA[[TestResult name=login2 status=SUCCESS method=LoginTest.login2()[pri:2, instance:com.automationLearn.testcases.LoginTest@5bfbf16f] output={null}]]]>
              </value>
            </param>
          </params>
          <reporter-output>
          </reporter-output>
        </test-method> <!-- tearDownMethod -->
        <test-method status="PASS" signature="closeApp()[pri:0, instance:com.automationLearn.testcases.LoginTest@5bfbf16f]" name="closeApp" is-config="true" duration-ms="2059" started-at="2021-09-26T20:29:38 IST" finished-at="2021-09-26T20:29:41 IST">
          <reporter-output>
          </reporter-output>
        </test-method> <!-- closeApp -->
      </class> <!-- com.automationLearn.testcases.LoginTest -->
    </test> <!-- Default test -->
  </suite> <!-- Default suite -->
</testng-results>
